# JRE version: Java(TM) SE Runtime Environment (8.0_251-b08) (build 1.8.0_251-b08)
# Java VM: Java HotSpot(TM) 64-Bit Server VM (25.251-b08 mixed mode windows-amd64 compressed oops)
Heap:
 PSYoungGen      total 153088K, used 53639K [0x00000000eb380000, 0x00000000f8780000, 0x0000000100000000)
  eden space 140288K, 29% used [0x00000000eb380000,0x00000000edb68020,0x00000000f3c80000)
  from space 12800K, 99% used [0x00000000f3c80000,0x00000000f48f9c48,0x00000000f4900000)
  to   space 16896K, 0% used [0x00000000f7700000,0x00000000f7700000,0x00000000f8780000)
 ParOldGen       total 35840K, used 22480K [0x00000000c1a00000, 0x00000000c3d00000, 0x00000000eb380000)
  object space 35840K, 62% used [0x00000000c1a00000,0x00000000c2ff41b8,0x00000000c3d00000)
 Metaspace       used 51030K, capacity 52868K, committed 53288K, reserved 1095680K
  class space    used 7033K, capacity 7375K, committed 7464K, reserved 1048576K
GC Heap History (10 events):
Event: 5.379 GC heap before
{Heap before GC invocations=7 (full 1):
 PSYoungGen      total 68096K, used 65489K [0x00000000eb380000, 0x00000000f4280000, 0x0000000100000000)
  eden space 65536K, 99% used [0x00000000eb380000,0x00000000ef3747a8,0x00000000ef380000)
  from space 2560K, 0% used [0x00000000ef380000,0x00000000ef380000,0x00000000ef600000)
  to   space 7680K, 0% used [0x00000000f3b00000,0x00000000f3b00000,0x00000000f4280000)
 ParOldGen       total 35840K, used 6587K [0x00000000c1a00000, 0x00000000c3d00000, 0x00000000eb380000)
  object space 35840K, 18% used [0x00000000c1a00000,0x00000000c206ecc8,0x00000000c3d00000)
 Metaspace       used 23701K, capacity 24436K, committed 24576K, reserved 1071104K
  class space    used 3079K, capacity 3271K, committed 3328K, reserved 1048576K
Event: 5.392 GC heap after
Heap after GC invocations=7 (full 1):
 PSYoungGen      total 102912K, used 4815K [0x00000000eb380000, 0x00000000f4000000, 0x0000000100000000)
  eden space 97792K, 0% used [0x00000000eb380000,0x00000000eb380000,0x00000000f1300000)
  from space 5120K, 94% used [0x00000000f3b00000,0x00000000f3fb3da0,0x00000000f4000000)
  to   space 7168K, 0% used [0x00000000f3200000,0x00000000f3200000,0x00000000f3900000)
 ParOldGen       total 35840K, used 6595K [0x00000000c1a00000, 0x00000000c3d00000, 0x00000000eb380000)
  object space 35840K, 18% used [0x00000000c1a00000,0x00000000c2070cc8,0x00000000c3d00000)
 Metaspace       used 23701K, capacity 24436K, committed 24576K, reserved 1071104K
  class space    used 3079K, capacity 3271K, committed 3328K, reserved 1048576K
}
Event: 9.063 GC heap before
{Heap before GC invocations=8 (full 1):
 PSYoungGen      total 102912K, used 102607K [0x00000000eb380000, 0x00000000f4000000, 0x0000000100000000)
  eden space 97792K, 100% used [0x00000000eb380000,0x00000000f1300000,0x00000000f1300000)
  from space 5120K, 94% used [0x00000000f3b00000,0x00000000f3fb3da0,0x00000000f4000000)
  to   space 7168K, 0% used [0x00000000f3200000,0x00000000f3200000,0x00000000f3900000)
 ParOldGen       total 35840K, used 6595K [0x00000000c1a00000, 0x00000000c3d00000, 0x00000000eb380000)
  object space 35840K, 18% used [0x00000000c1a00000,0x00000000c2070cc8,0x00000000c3d00000)
 Metaspace       used 29605K, capacity 30774K, committed 31104K, reserved 1077248K
  class space    used 3895K, capacity 4148K, committed 4224K, reserved 1048576K
Event: 9.105 GC heap after
Heap after GC invocations=8 (full 1):
 PSYoungGen      total 136704K, used 7141K [0x00000000eb380000, 0x00000000f5300000, 0x0000000100000000)
  eden space 129536K, 0% used [0x00000000eb380000,0x00000000eb380000,0x00000000f3200000)
  from space 7168K, 99% used [0x00000000f3200000,0x00000000f38f95a0,0x00000000f3900000)
  to   space 10240K, 0% used [0x00000000f4900000,0x00000000f4900000,0x00000000f5300000)
 ParOldGen       total 35840K, used 11307K [0x00000000c1a00000, 0x00000000c3d00000, 0x00000000eb380000)
  object space 35840K, 31% used [0x00000000c1a00000,0x00000000c250ac68,0x00000000c3d00000)
 Metaspace       used 29605K, capacity 30774K, committed 31104K, reserved 1077248K
  class space    used 3895K, capacity 4148K, committed 4224K, reserved 1048576K
}
Event: 12.805 GC heap before
{Heap before GC invocations=9 (full 1):
 PSYoungGen      total 136704K, used 106313K [0x00000000eb380000, 0x00000000f5300000, 0x0000000100000000)
  eden space 129536K, 76% used [0x00000000eb380000,0x00000000f1459258,0x00000000f3200000)
  from space 7168K, 99% used [0x00000000f3200000,0x00000000f38f95a0,0x00000000f3900000)
  to   space 10240K, 0% used [0x00000000f4900000,0x00000000f4900000,0x00000000f5300000)
 ParOldGen       total 35840K, used 11307K [0x00000000c1a00000, 0x00000000c3d00000, 0x00000000eb380000)
  object space 35840K, 31% used [0x00000000c1a00000,0x00000000c250ac68,0x00000000c3d00000)
 Metaspace       used 33847K, capacity 35456K, committed 35496K, reserved 1079296K
  class space    used 4435K, capacity 4751K, committed 4776K, reserved 1048576K
Event: 12.845 GC heap after
Heap after GC invocations=9 (full 1):
 PSYoungGen      total 150528K, used 10210K [0x00000000eb380000, 0x00000000f8200000, 0x0000000100000000)
  eden space 140288K, 0% used [0x00000000eb380000,0x00000000eb380000,0x00000000f3c80000)
  from space 10240K, 99% used [0x00000000f4900000,0x00000000f52f8960,0x00000000f5300000)
  to   space 12800K, 0% used [0x00000000f3c80000,0x00000000f3c80000,0x00000000f4900000)
 ParOldGen       total 35840K, used 13987K [0x00000000c1a00000, 0x00000000c3d00000, 0x00000000eb380000)
  object space 35840K, 39% used [0x00000000c1a00000,0x00000000c27a8eb8,0x00000000c3d00000)
 Metaspace       used 33847K, capacity 35456K, committed 35496K, reserved 1079296K
  class space    used 4435K, capacity 4751K, committed 4776K, reserved 1048576K
}
Event: 12.845 GC heap before
{Heap before GC invocations=10 (full 2):
 PSYoungGen      total 150528K, used 10210K [0x00000000eb380000, 0x00000000f8200000, 0x0000000100000000)
  eden space 140288K, 0% used [0x00000000eb380000,0x00000000eb380000,0x00000000f3c80000)
  from space 10240K, 99% used [0x00000000f4900000,0x00000000f52f8960,0x00000000f5300000)
  to   space 12800K, 0% used [0x00000000f3c80000,0x00000000f3c80000,0x00000000f4900000)
 ParOldGen       total 35840K, used 13987K [0x00000000c1a00000, 0x00000000c3d00000, 0x00000000eb380000)
  object space 35840K, 39% used [0x00000000c1a00000,0x00000000c27a8eb8,0x00000000c3d00000)
 Metaspace       used 33847K, capacity 35456K, committed 35496K, reserved 1079296K
  class space    used 4435K, capacity 4751K, committed 4776K, reserved 1048576K
Event: 12.961 GC heap after
Heap after GC invocations=10 (full 2):
 PSYoungGen      total 150528K, used 0K [0x00000000eb380000, 0x00000000f8200000, 0x0000000100000000)
  eden space 140288K, 0% used [0x00000000eb380000,0x00000000eb380000,0x00000000f3c80000)
  from space 10240K, 0% used [0x00000000f4900000,0x00000000f4900000,0x00000000f5300000)
  to   space 12800K, 0% used [0x00000000f3c80000,0x00000000f3c80000,0x00000000f4900000)
 ParOldGen       total 35840K, used 17109K [0x00000000c1a00000, 0x00000000c3d00000, 0x00000000eb380000)
  object space 35840K, 47% used [0x00000000c1a00000,0x00000000c2ab5420,0x00000000c3d00000)
 Metaspace       used 33847K, capacity 35456K, committed 35496K, reserved 1079296K
  class space    used 4435K, capacity 4751K, committed 4776K, reserved 1048576K
}
Event: 18.047 GC heap before
{Heap before GC invocations=11 (full 2):
 PSYoungGen      total 150528K, used 140288K [0x00000000eb380000, 0x00000000f8200000, 0x0000000100000000)
  eden space 140288K, 100% used [0x00000000eb380000,0x00000000f3c80000,0x00000000f3c80000)
  from space 10240K, 0% used [0x00000000f4900000,0x00000000f4900000,0x00000000f5300000)
  to   space 12800K, 0% used [0x00000000f3c80000,0x00000000f3c80000,0x00000000f4900000)
 ParOldGen       total 35840K, used 17109K [0x00000000c1a00000, 0x00000000c3d00000, 0x00000000eb380000)
  object space 35840K, 47% used [0x00000000c1a00000,0x00000000c2ab5420,0x00000000c3d00000)
 Metaspace       used 49090K, capacity 50964K, committed 51240K, reserved 1093632K
  class space    used 6767K, capacity 7109K, committed 7208K, reserved 1048576K
Event: 18.188 GC heap after
Heap after GC invocations=11 (full 2):
 PSYoungGen      total 153088K, used 12775K [0x00000000eb380000, 0x00000000f8780000, 0x0000000100000000)
  eden space 140288K, 0% used [0x00000000eb380000,0x00000000eb380000,0x00000000f3c80000)
  from space 12800K, 99% used [0x00000000f3c80000,0x00000000f48f9c48,0x00000000f4900000)
  to   space 16896K, 0% used [0x00000000f7700000,0x00000000f7700000,0x00000000f8780000)
 ParOldGen       total 35840K, used 22480K [0x00000000c1a00000, 0x00000000c3d00000, 0x00000000eb380000)
  object space 35840K, 62% used [0x00000000c1a00000,0x00000000c2ff41b8,0x00000000c3d00000)
 Metaspace       used 49090K, capacity 50964K, committed 51240K, reserved 1093632K
  class space    used 6767K, capacity 7109K, committed 7208K, reserved 1048576K
}

