# JRE version: Java(TM) SE Runtime Environment (8.0_251-b08) (build 1.8.0_251-b08)
# Java VM: Java HotSpot(TM) 64-Bit Server VM (25.251-b08 mixed mode windows-amd64 compressed oops)
Heap:
 PSYoungGen      total 156672K, used 43018K [0x00000000eb380000, 0x00000000f5800000, 0x0000000100000000)
  eden space 144896K, 24% used [0x00000000eb380000,0x00000000ed66ef10,0x00000000f4100000)
  from space 11776K, 61% used [0x00000000f4c80000,0x00000000f5393c98,0x00000000f5800000)
  to   space 11776K, 0% used [0x00000000f4100000,0x00000000f4100000,0x00000000f4c80000)
 ParOldGen       total 58368K, used 32587K [0x00000000c1a00000, 0x00000000c5300000, 0x00000000eb380000)
  object space 58368K, 55% used [0x00000000c1a00000,0x00000000c39d2d28,0x00000000c5300000)
 Metaspace       used 56367K, capacity 58840K, committed 59096K, reserved 1099776K
  class space    used 7649K, capacity 8083K, committed 8192K, reserved 1048576K
GC Heap History (10 events):
Event: 21.405 GC heap before
{Heap before GC invocations=10 (full 1):
 PSYoungGen      total 114176K, used 114161K [0x00000000eb380000, 0x00000000f2d80000, 0x0000000100000000)
  eden space 106496K, 100% used [0x00000000eb380000,0x00000000f1b80000,0x00000000f1b80000)
  from space 7680K, 99% used [0x00000000f2500000,0x00000000f2c7c778,0x00000000f2c80000)
  to   space 9216K, 0% used [0x00000000f1b80000,0x00000000f1b80000,0x00000000f2480000)
 ParOldGen       total 32768K, used 8005K [0x00000000c1a00000, 0x00000000c3a00000, 0x00000000eb380000)
  object space 32768K, 24% used [0x00000000c1a00000,0x00000000c21d1550,0x00000000c3a00000)
 Metaspace       used 31831K, capacity 33398K, committed 33536K, reserved 1079296K
  class space    used 4210K, capacity 4498K, committed 4608K, reserved 1048576K
Event: 21.444 GC heap after
Heap after GC invocations=10 (full 1):
 PSYoungGen      total 115712K, used 9184K [0x00000000eb380000, 0x00000000f5880000, 0x0000000100000000)
  eden space 106496K, 0% used [0x00000000eb380000,0x00000000eb380000,0x00000000f1b80000)
  from space 9216K, 99% used [0x00000000f1b80000,0x00000000f2478010,0x00000000f2480000)
  to   space 12288K, 0% used [0x00000000f4c80000,0x00000000f4c80000,0x00000000f5880000)
 ParOldGen       total 32768K, used 12629K [0x00000000c1a00000, 0x00000000c3a00000, 0x00000000eb380000)
  object space 32768K, 38% used [0x00000000c1a00000,0x00000000c26556f8,0x00000000c3a00000)
 Metaspace       used 31831K, capacity 33398K, committed 33536K, reserved 1079296K
  class space    used 4210K, capacity 4498K, committed 4608K, reserved 1048576K
}
Event: 22.964 GC heap before
{Heap before GC invocations=11 (full 1):
 PSYoungGen      total 115712K, used 63032K [0x00000000eb380000, 0x00000000f5880000, 0x0000000100000000)
  eden space 106496K, 50% used [0x00000000eb380000,0x00000000ee816260,0x00000000f1b80000)
  from space 9216K, 99% used [0x00000000f1b80000,0x00000000f2478010,0x00000000f2480000)
  to   space 12288K, 0% used [0x00000000f4c80000,0x00000000f4c80000,0x00000000f5880000)
 ParOldGen       total 32768K, used 12629K [0x00000000c1a00000, 0x00000000c3a00000, 0x00000000eb380000)
  object space 32768K, 38% used [0x00000000c1a00000,0x00000000c26556f8,0x00000000c3a00000)
 Metaspace       used 33817K, capacity 35390K, committed 35456K, reserved 1079296K
  class space    used 4412K, capacity 4728K, committed 4736K, reserved 1048576K
Event: 22.989 GC heap after
Heap after GC invocations=11 (full 1):
 PSYoungGen      total 156672K, used 6847K [0x00000000eb380000, 0x00000000f5800000, 0x0000000100000000)
  eden space 144896K, 0% used [0x00000000eb380000,0x00000000eb380000,0x00000000f4100000)
  from space 11776K, 58% used [0x00000000f4c80000,0x00000000f532fda0,0x00000000f5800000)
  to   space 11776K, 0% used [0x00000000f4100000,0x00000000f4100000,0x00000000f4c80000)
 ParOldGen       total 32768K, used 17641K [0x00000000c1a00000, 0x00000000c3a00000, 0x00000000eb380000)
  object space 32768K, 53% used [0x00000000c1a00000,0x00000000c2b3a738,0x00000000c3a00000)
 Metaspace       used 33817K, capacity 35390K, committed 35456K, reserved 1079296K
  class space    used 4412K, capacity 4728K, committed 4736K, reserved 1048576K
}
Event: 22.989 GC heap before
{Heap before GC invocations=12 (full 2):
 PSYoungGen      total 156672K, used 6847K [0x00000000eb380000, 0x00000000f5800000, 0x0000000100000000)
  eden space 144896K, 0% used [0x00000000eb380000,0x00000000eb380000,0x00000000f4100000)
  from space 11776K, 58% used [0x00000000f4c80000,0x00000000f532fda0,0x00000000f5800000)
  to   space 11776K, 0% used [0x00000000f4100000,0x00000000f4100000,0x00000000f4c80000)
 ParOldGen       total 32768K, used 17641K [0x00000000c1a00000, 0x00000000c3a00000, 0x00000000eb380000)
  object space 32768K, 53% used [0x00000000c1a00000,0x00000000c2b3a738,0x00000000c3a00000)
 Metaspace       used 33817K, capacity 35390K, committed 35456K, reserved 1079296K
  class space    used 4412K, capacity 4728K, committed 4736K, reserved 1048576K
Event: 23.209 GC heap after
Heap after GC invocations=12 (full 2):
 PSYoungGen      total 156672K, used 0K [0x00000000eb380000, 0x00000000f5800000, 0x0000000100000000)
  eden space 144896K, 0% used [0x00000000eb380000,0x00000000eb380000,0x00000000f4100000)
  from space 11776K, 0% used [0x00000000f4c80000,0x00000000f4c80000,0x00000000f5800000)
  to   space 11776K, 0% used [0x00000000f4100000,0x00000000f4100000,0x00000000f4c80000)
 ParOldGen       total 58368K, used 20527K [0x00000000c1a00000, 0x00000000c5300000, 0x00000000eb380000)
  object space 58368K, 35% used [0x00000000c1a00000,0x00000000c2e0bcd8,0x00000000c5300000)
 Metaspace       used 33817K, capacity 35390K, committed 35456K, reserved 1079296K
  class space    used 4412K, capacity 4728K, committed 4736K, reserved 1048576K
}
Event: 28.446 GC heap before
{Heap before GC invocations=13 (full 2):
 PSYoungGen      total 156672K, used 144896K [0x00000000eb380000, 0x00000000f5800000, 0x0000000100000000)
  eden space 144896K, 100% used [0x00000000eb380000,0x00000000f4100000,0x00000000f4100000)
  from space 11776K, 0% used [0x00000000f4c80000,0x00000000f4c80000,0x00000000f5800000)
  to   space 11776K, 0% used [0x00000000f4100000,0x00000000f4100000,0x00000000f4c80000)
 ParOldGen       total 58368K, used 20527K [0x00000000c1a00000, 0x00000000c5300000, 0x00000000eb380000)
  object space 58368K, 35% used [0x00000000c1a00000,0x00000000c2e0bcd8,0x00000000c5300000)
 Metaspace       used 46927K, capacity 48744K, committed 49152K, reserved 1091584K
  class space    used 6305K, capacity 6651K, committed 6656K, reserved 1048576K
Event: 28.527 GC heap after
Heap after GC invocations=13 (full 2):
 PSYoungGen      total 156672K, used 11751K [0x00000000eb380000, 0x00000000f5800000, 0x0000000100000000)
  eden space 144896K, 0% used [0x00000000eb380000,0x00000000eb380000,0x00000000f4100000)
  from space 11776K, 99% used [0x00000000f4100000,0x00000000f4c79da0,0x00000000f4c80000)
  to   space 11776K, 0% used [0x00000000f4c80000,0x00000000f4c80000,0x00000000f5800000)
 ParOldGen       total 58368K, used 25999K [0x00000000c1a00000, 0x00000000c5300000, 0x00000000eb380000)
  object space 58368K, 44% used [0x00000000c1a00000,0x00000000c3363fc0,0x00000000c5300000)
 Metaspace       used 46927K, capacity 48744K, committed 49152K, reserved 1091584K
  class space    used 6305K, capacity 6651K, committed 6656K, reserved 1048576K
}
Event: 33.258 GC heap before
{Heap before GC invocations=14 (full 2):
 PSYoungGen      total 156672K, used 156647K [0x00000000eb380000, 0x00000000f5800000, 0x0000000100000000)
  eden space 144896K, 100% used [0x00000000eb380000,0x00000000f4100000,0x00000000f4100000)
  from space 11776K, 99% used [0x00000000f4100000,0x00000000f4c79da0,0x00000000f4c80000)
  to   space 11776K, 0% used [0x00000000f4c80000,0x00000000f4c80000,0x00000000f5800000)
 ParOldGen       total 58368K, used 25999K [0x00000000c1a00000, 0x00000000c5300000, 0x00000000eb380000)
  object space 58368K, 44% used [0x00000000c1a00000,0x00000000c3363fc0,0x00000000c5300000)
 Metaspace       used 52503K, capacity 54426K, committed 54656K, reserved 1095680K
  class space    used 7113K, capacity 7486K, committed 7552K, reserved 1048576K
Event: 33.283 GC heap after
Heap after GC invocations=14 (full 2):
 PSYoungGen      total 156672K, used 7247K [0x00000000eb380000, 0x00000000f5800000, 0x0000000100000000)
  eden space 144896K, 0% used [0x00000000eb380000,0x00000000eb380000,0x00000000f4100000)
  from space 11776K, 61% used [0x00000000f4c80000,0x00000000f5393c98,0x00000000f5800000)
  to   space 11776K, 0% used [0x00000000f4100000,0x00000000f4100000,0x00000000f4c80000)
 ParOldGen       total 58368K, used 32587K [0x00000000c1a00000, 0x00000000c5300000, 0x00000000eb380000)
  object space 58368K, 55% used [0x00000000c1a00000,0x00000000c39d2d28,0x00000000c5300000)
 Metaspace       used 52503K, capacity 54426K, committed 54656K, reserved 1095680K
  class space    used 7113K, capacity 7486K, committed 7552K, reserved 1048576K
}

