# JRE version: Java(TM) SE Runtime Environment (8.0_251-b08) (build 1.8.0_251-b08)
# Java VM: Java HotSpot(TM) 64-Bit Server VM (25.251-b08 mixed mode windows-amd64 compressed oops)
Heap:
 PSYoungGen      total 150016K, used 40242K [0x00000000eb380000, 0x00000000f8600000, 0x0000000100000000)
  eden space 139264K, 21% used [0x00000000eb380000,0x00000000ed050880,0x00000000f3b80000)
  from space 10752K, 99% used [0x00000000f3b80000,0x00000000f45fbfc8,0x00000000f4600000)
  to   space 14336K, 0% used [0x00000000f7800000,0x00000000f7800000,0x00000000f8600000)
 ParOldGen       total 52224K, used 22758K [0x00000000c1a00000, 0x00000000c4d00000, 0x00000000eb380000)
  object space 52224K, 43% used [0x00000000c1a00000,0x00000000c3039900,0x00000000c4d00000)
 Metaspace       used 51099K, capacity 53056K, committed 53288K, reserved 1095680K
  class space    used 7048K, capacity 7415K, committed 7464K, reserved 1048576K
GC Heap History (10 events):
Event: 8.932 GC heap before
{Heap before GC invocations=9 (full 1):
 PSYoungGen      total 72192K, used 69851K [0x00000000eb380000, 0x00000000f2900000, 0x0000000100000000)
  eden space 65024K, 100% used [0x00000000eb380000,0x00000000ef300000,0x00000000ef300000)
  from space 7168K, 67% used [0x00000000ef300000,0x00000000ef7b6db0,0x00000000efa00000)
  to   space 6656K, 0% used [0x00000000f2280000,0x00000000f2280000,0x00000000f2900000)
 ParOldGen       total 32768K, used 6512K [0x00000000c1a00000, 0x00000000c3a00000, 0x00000000eb380000)
  object space 32768K, 19% used [0x00000000c1a00000,0x00000000c205c2b0,0x00000000c3a00000)
 Metaspace       used 27513K, capacity 28632K, committed 28800K, reserved 1075200K
  class space    used 3630K, capacity 3895K, committed 3968K, reserved 1048576K
Event: 8.944 GC heap after
Heap after GC invocations=9 (full 1):
 PSYoungGen      total 110592K, used 6638K [0x00000000eb380000, 0x00000000f2a00000, 0x0000000100000000)
  eden space 103936K, 0% used [0x00000000eb380000,0x00000000eb380000,0x00000000f1900000)
  from space 6656K, 99% used [0x00000000f2280000,0x00000000f28fb860,0x00000000f2900000)
  to   space 8704K, 0% used [0x00000000f1900000,0x00000000f1900000,0x00000000f2180000)
 ParOldGen       total 32768K, used 8941K [0x00000000c1a00000, 0x00000000c3a00000, 0x00000000eb380000)
  object space 32768K, 27% used [0x00000000c1a00000,0x00000000c22bb5f8,0x00000000c3a00000)
 Metaspace       used 27513K, capacity 28632K, committed 28800K, reserved 1075200K
  class space    used 3630K, capacity 3895K, committed 3968K, reserved 1048576K
}
Event: 11.302 GC heap before
{Heap before GC invocations=10 (full 1):
 PSYoungGen      total 110592K, used 110574K [0x00000000eb380000, 0x00000000f2a00000, 0x0000000100000000)
  eden space 103936K, 100% used [0x00000000eb380000,0x00000000f1900000,0x00000000f1900000)
  from space 6656K, 99% used [0x00000000f2280000,0x00000000f28fb860,0x00000000f2900000)
  to   space 8704K, 0% used [0x00000000f1900000,0x00000000f1900000,0x00000000f2180000)
 ParOldGen       total 32768K, used 8941K [0x00000000c1a00000, 0x00000000c3a00000, 0x00000000eb380000)
  object space 32768K, 27% used [0x00000000c1a00000,0x00000000c22bb5f8,0x00000000c3a00000)
 Metaspace       used 32932K, capacity 34502K, committed 34560K, reserved 1079296K
  class space    used 4303K, capacity 4592K, committed 4608K, reserved 1048576K
Event: 11.320 GC heap after
Heap after GC invocations=10 (full 1):
 PSYoungGen      total 112640K, used 8694K [0x00000000eb380000, 0x00000000f5080000, 0x0000000100000000)
  eden space 103936K, 0% used [0x00000000eb380000,0x00000000eb380000,0x00000000f1900000)
  from space 8704K, 99% used [0x00000000f1900000,0x00000000f217d970,0x00000000f2180000)
  to   space 10752K, 0% used [0x00000000f4600000,0x00000000f4600000,0x00000000f5080000)
 ParOldGen       total 32768K, used 12358K [0x00000000c1a00000, 0x00000000c3a00000, 0x00000000eb380000)
  object space 32768K, 37% used [0x00000000c1a00000,0x00000000c2611900,0x00000000c3a00000)
 Metaspace       used 32932K, capacity 34502K, committed 34560K, reserved 1079296K
  class space    used 4303K, capacity 4592K, committed 4608K, reserved 1048576K
}
Event: 11.961 GC heap before
{Heap before GC invocations=11 (full 1):
 PSYoungGen      total 112640K, used 37912K [0x00000000eb380000, 0x00000000f5080000, 0x0000000100000000)
  eden space 103936K, 28% used [0x00000000eb380000,0x00000000ed008a30,0x00000000f1900000)
  from space 8704K, 99% used [0x00000000f1900000,0x00000000f217d970,0x00000000f2180000)
  to   space 10752K, 0% used [0x00000000f4600000,0x00000000f4600000,0x00000000f5080000)
 ParOldGen       total 32768K, used 12358K [0x00000000c1a00000, 0x00000000c3a00000, 0x00000000eb380000)
  object space 32768K, 37% used [0x00000000c1a00000,0x00000000c2611900,0x00000000c3a00000)
 Metaspace       used 33842K, capacity 35452K, committed 35496K, reserved 1079296K
  class space    used 4436K, capacity 4751K, committed 4776K, reserved 1048576K
Event: 11.992 GC heap after
Heap after GC invocations=11 (full 1):
 PSYoungGen      total 150016K, used 5609K [0x00000000eb380000, 0x00000000f5880000, 0x0000000100000000)
  eden space 139264K, 0% used [0x00000000eb380000,0x00000000eb380000,0x00000000f3b80000)
  from space 10752K, 52% used [0x00000000f4600000,0x00000000f4b7a720,0x00000000f5080000)
  to   space 10752K, 0% used [0x00000000f3b80000,0x00000000f3b80000,0x00000000f4600000)
 ParOldGen       total 32768K, used 17351K [0x00000000c1a00000, 0x00000000c3a00000, 0x00000000eb380000)
  object space 32768K, 52% used [0x00000000c1a00000,0x00000000c2af1ec0,0x00000000c3a00000)
 Metaspace       used 33842K, capacity 35452K, committed 35496K, reserved 1079296K
  class space    used 4436K, capacity 4751K, committed 4776K, reserved 1048576K
}
Event: 11.992 GC heap before
{Heap before GC invocations=12 (full 2):
 PSYoungGen      total 150016K, used 5609K [0x00000000eb380000, 0x00000000f5880000, 0x0000000100000000)
  eden space 139264K, 0% used [0x00000000eb380000,0x00000000eb380000,0x00000000f3b80000)
  from space 10752K, 52% used [0x00000000f4600000,0x00000000f4b7a720,0x00000000f5080000)
  to   space 10752K, 0% used [0x00000000f3b80000,0x00000000f3b80000,0x00000000f4600000)
 ParOldGen       total 32768K, used 17351K [0x00000000c1a00000, 0x00000000c3a00000, 0x00000000eb380000)
  object space 32768K, 52% used [0x00000000c1a00000,0x00000000c2af1ec0,0x00000000c3a00000)
 Metaspace       used 33842K, capacity 35452K, committed 35496K, reserved 1079296K
  class space    used 4436K, capacity 4751K, committed 4776K, reserved 1048576K
Event: 12.114 GC heap after
Heap after GC invocations=12 (full 2):
 PSYoungGen      total 150016K, used 0K [0x00000000eb380000, 0x00000000f5880000, 0x0000000100000000)
  eden space 139264K, 0% used [0x00000000eb380000,0x00000000eb380000,0x00000000f3b80000)
  from space 10752K, 0% used [0x00000000f4600000,0x00000000f4600000,0x00000000f5080000)
  to   space 10752K, 0% used [0x00000000f3b80000,0x00000000f3b80000,0x00000000f4600000)
 ParOldGen       total 52224K, used 15490K [0x00000000c1a00000, 0x00000000c4d00000, 0x00000000eb380000)
  object space 52224K, 29% used [0x00000000c1a00000,0x00000000c2920a28,0x00000000c4d00000)
 Metaspace       used 33842K, capacity 35452K, committed 35496K, reserved 1079296K
  class space    used 4436K, capacity 4751K, committed 4776K, reserved 1048576K
}
Event: 16.452 GC heap before
{Heap before GC invocations=13 (full 2):
 PSYoungGen      total 150016K, used 139264K [0x00000000eb380000, 0x00000000f5880000, 0x0000000100000000)
  eden space 139264K, 100% used [0x00000000eb380000,0x00000000f3b80000,0x00000000f3b80000)
  from space 10752K, 0% used [0x00000000f4600000,0x00000000f4600000,0x00000000f5080000)
  to   space 10752K, 0% used [0x00000000f3b80000,0x00000000f3b80000,0x00000000f4600000)
 ParOldGen       total 52224K, used 15490K [0x00000000c1a00000, 0x00000000c4d00000, 0x00000000eb380000)
  object space 52224K, 29% used [0x00000000c1a00000,0x00000000c2920a28,0x00000000c4d00000)
 Metaspace       used 48925K, capacity 50806K, committed 51240K, reserved 1093632K
  class space    used 6741K, capacity 7104K, committed 7208K, reserved 1048576K
Event: 16.474 GC heap after
Heap after GC invocations=13 (full 2):
 PSYoungGen      total 150016K, used 10735K [0x00000000eb380000, 0x00000000f8600000, 0x0000000100000000)
  eden space 139264K, 0% used [0x00000000eb380000,0x00000000eb380000,0x00000000f3b80000)
  from space 10752K, 99% used [0x00000000f3b80000,0x00000000f45fbfc8,0x00000000f4600000)
  to   space 14336K, 0% used [0x00000000f7800000,0x00000000f7800000,0x00000000f8600000)
 ParOldGen       total 52224K, used 22758K [0x00000000c1a00000, 0x00000000c4d00000, 0x00000000eb380000)
  object space 52224K, 43% used [0x00000000c1a00000,0x00000000c3039900,0x00000000c4d00000)
 Metaspace       used 48925K, capacity 50806K, committed 51240K, reserved 1093632K
  class space    used 6741K, capacity 7104K, committed 7208K, reserved 1048576K
}

