# JRE version: Java(TM) SE Runtime Environment (8.0_251-b08) (build 1.8.0_251-b08)
# Java VM: Java HotSpot(TM) 64-Bit Server VM (25.251-b08 mixed mode windows-amd64 compressed oops)
Heap:
 PSYoungGen      total 148992K, used 85058K [0x00000000eb380000, 0x00000000f5300000, 0x0000000100000000)
  eden space 138240K, 53% used [0x00000000eb380000,0x00000000efc12c30,0x00000000f3a80000)
  from space 10752K, 99% used [0x00000000f3a80000,0x00000000f44fde48,0x00000000f4500000)
  to   space 11264K, 0% used [0x00000000f4500000,0x00000000f4500000,0x00000000f5000000)
 ParOldGen       total 53248K, used 22438K [0x00000000c1a00000, 0x00000000c4e00000, 0x00000000eb380000)
  object space 53248K, 42% used [0x00000000c1a00000,0x00000000c2fe9b10,0x00000000c4e00000)
 Metaspace       used 55018K, capacity 57474K, committed 57768K, reserved 1099776K
  class space    used 7580K, capacity 8044K, committed 8104K, reserved 1048576K
GC Heap History (10 events):
Event: 7.372 GC heap before
{Heap before GC invocations=9 (full 1):
 PSYoungGen      total 72192K, used 69895K [0x00000000eb380000, 0x00000000f2700000, 0x0000000100000000)
  eden space 65024K, 100% used [0x00000000eb380000,0x00000000ef300000,0x00000000ef300000)
  from space 7168K, 67% used [0x00000000ef300000,0x00000000ef7c1ed8,0x00000000efa00000)
  to   space 6656K, 0% used [0x00000000f2080000,0x00000000f2080000,0x00000000f2700000)
 ParOldGen       total 36352K, used 10082K [0x00000000c1a00000, 0x00000000c3d80000, 0x00000000eb380000)
  object space 36352K, 27% used [0x00000000c1a00000,0x00000000c23d8a80,0x00000000c3d80000)
 Metaspace       used 27600K, capacity 28708K, committed 29056K, reserved 1075200K
  class space    used 3633K, capacity 3895K, committed 3968K, reserved 1048576K
Event: 7.390 GC heap after
Heap after GC invocations=9 (full 1):
 PSYoungGen      total 109568K, used 6634K [0x00000000eb380000, 0x00000000f2900000, 0x0000000100000000)
  eden space 102912K, 0% used [0x00000000eb380000,0x00000000eb380000,0x00000000f1800000)
  from space 6656K, 99% used [0x00000000f2080000,0x00000000f26fa840,0x00000000f2700000)
  to   space 8704K, 0% used [0x00000000f1800000,0x00000000f1800000,0x00000000f2080000)
 ParOldGen       total 36352K, used 12564K [0x00000000c1a00000, 0x00000000c3d80000, 0x00000000eb380000)
  object space 36352K, 34% used [0x00000000c1a00000,0x00000000c26453b0,0x00000000c3d80000)
 Metaspace       used 27600K, capacity 28708K, committed 29056K, reserved 1075200K
  class space    used 3633K, capacity 3895K, committed 3968K, reserved 1048576K
}
Event: 9.662 GC heap before
{Heap before GC invocations=10 (full 1):
 PSYoungGen      total 109568K, used 109546K [0x00000000eb380000, 0x00000000f2900000, 0x0000000100000000)
  eden space 102912K, 100% used [0x00000000eb380000,0x00000000f1800000,0x00000000f1800000)
  from space 6656K, 99% used [0x00000000f2080000,0x00000000f26fa840,0x00000000f2700000)
  to   space 8704K, 0% used [0x00000000f1800000,0x00000000f1800000,0x00000000f2080000)
 ParOldGen       total 36352K, used 12564K [0x00000000c1a00000, 0x00000000c3d80000, 0x00000000eb380000)
  object space 36352K, 34% used [0x00000000c1a00000,0x00000000c26453b0,0x00000000c3d80000)
 Metaspace       used 32969K, capacity 34606K, committed 34944K, reserved 1079296K
  class space    used 4311K, capacity 4624K, committed 4736K, reserved 1048576K
Event: 9.689 GC heap after
Heap after GC invocations=10 (full 1):
 PSYoungGen      total 111616K, used 8690K [0x00000000eb380000, 0x00000000f5000000, 0x0000000100000000)
  eden space 102912K, 0% used [0x00000000eb380000,0x00000000eb380000,0x00000000f1800000)
  from space 8704K, 99% used [0x00000000f1800000,0x00000000f207c970,0x00000000f2080000)
  to   space 11264K, 0% used [0x00000000f4500000,0x00000000f4500000,0x00000000f5000000)
 ParOldGen       total 36352K, used 16040K [0x00000000c1a00000, 0x00000000c3d80000, 0x00000000eb380000)
  object space 36352K, 44% used [0x00000000c1a00000,0x00000000c29aa058,0x00000000c3d80000)
 Metaspace       used 32969K, capacity 34606K, committed 34944K, reserved 1079296K
  class space    used 4311K, capacity 4624K, committed 4736K, reserved 1048576K
}
Event: 10.974 GC heap before
{Heap before GC invocations=11 (full 1):
 PSYoungGen      total 111616K, used 36244K [0x00000000eb380000, 0x00000000f5000000, 0x0000000100000000)
  eden space 102912K, 26% used [0x00000000eb380000,0x00000000ece68a20,0x00000000f1800000)
  from space 8704K, 99% used [0x00000000f1800000,0x00000000f207c970,0x00000000f2080000)
  to   space 11264K, 0% used [0x00000000f4500000,0x00000000f4500000,0x00000000f5000000)
 ParOldGen       total 36352K, used 16040K [0x00000000c1a00000, 0x00000000c3d80000, 0x00000000eb380000)
  object space 36352K, 44% used [0x00000000c1a00000,0x00000000c29aa058,0x00000000c3d80000)
 Metaspace       used 33834K, capacity 35460K, committed 35496K, reserved 1079296K
  class space    used 4437K, capacity 4751K, committed 4776K, reserved 1048576K
Event: 11.017 GC heap after
Heap after GC invocations=11 (full 1):
 PSYoungGen      total 149504K, used 5684K [0x00000000eb380000, 0x00000000f5300000, 0x0000000100000000)
  eden space 138240K, 0% used [0x00000000eb380000,0x00000000eb380000,0x00000000f3a80000)
  from space 11264K, 50% used [0x00000000f4500000,0x00000000f4a8d2b0,0x00000000f5000000)
  to   space 10752K, 0% used [0x00000000f3a80000,0x00000000f3a80000,0x00000000f4500000)
 ParOldGen       total 36352K, used 20865K [0x00000000c1a00000, 0x00000000c3d80000, 0x00000000eb380000)
  object space 36352K, 57% used [0x00000000c1a00000,0x00000000c2e60608,0x00000000c3d80000)
 Metaspace       used 33834K, capacity 35460K, committed 35496K, reserved 1079296K
  class space    used 4437K, capacity 4751K, committed 4776K, reserved 1048576K
}
Event: 11.018 GC heap before
{Heap before GC invocations=12 (full 2):
 PSYoungGen      total 149504K, used 5684K [0x00000000eb380000, 0x00000000f5300000, 0x0000000100000000)
  eden space 138240K, 0% used [0x00000000eb380000,0x00000000eb380000,0x00000000f3a80000)
  from space 11264K, 50% used [0x00000000f4500000,0x00000000f4a8d2b0,0x00000000f5000000)
  to   space 10752K, 0% used [0x00000000f3a80000,0x00000000f3a80000,0x00000000f4500000)
 ParOldGen       total 36352K, used 20865K [0x00000000c1a00000, 0x00000000c3d80000, 0x00000000eb380000)
  object space 36352K, 57% used [0x00000000c1a00000,0x00000000c2e60608,0x00000000c3d80000)
 Metaspace       used 33834K, capacity 35460K, committed 35496K, reserved 1079296K
  class space    used 4437K, capacity 4751K, committed 4776K, reserved 1048576K
Event: 11.177 GC heap after
Heap after GC invocations=12 (full 2):
 PSYoungGen      total 149504K, used 0K [0x00000000eb380000, 0x00000000f5300000, 0x0000000100000000)
  eden space 138240K, 0% used [0x00000000eb380000,0x00000000eb380000,0x00000000f3a80000)
  from space 11264K, 0% used [0x00000000f4500000,0x00000000f4500000,0x00000000f5000000)
  to   space 10752K, 0% used [0x00000000f3a80000,0x00000000f3a80000,0x00000000f4500000)
 ParOldGen       total 53248K, used 15262K [0x00000000c1a00000, 0x00000000c4e00000, 0x00000000eb380000)
  object space 53248K, 28% used [0x00000000c1a00000,0x00000000c28e7828,0x00000000c4e00000)
 Metaspace       used 33834K, capacity 35460K, committed 35496K, reserved 1079296K
  class space    used 4437K, capacity 4751K, committed 4776K, reserved 1048576K
}
Event: 14.857 GC heap before
{Heap before GC invocations=13 (full 2):
 PSYoungGen      total 149504K, used 138240K [0x00000000eb380000, 0x00000000f5300000, 0x0000000100000000)
  eden space 138240K, 100% used [0x00000000eb380000,0x00000000f3a80000,0x00000000f3a80000)
  from space 11264K, 0% used [0x00000000f4500000,0x00000000f4500000,0x00000000f5000000)
  to   space 10752K, 0% used [0x00000000f3a80000,0x00000000f3a80000,0x00000000f4500000)
 ParOldGen       total 53248K, used 15262K [0x00000000c1a00000, 0x00000000c4e00000, 0x00000000eb380000)
  object space 53248K, 28% used [0x00000000c1a00000,0x00000000c28e7828,0x00000000c4e00000)
 Metaspace       used 48886K, capacity 50718K, committed 51112K, reserved 1093632K
  class space    used 6734K, capacity 7072K, committed 7080K, reserved 1048576K
Event: 14.968 GC heap after
Heap after GC invocations=13 (full 2):
 PSYoungGen      total 148992K, used 10743K [0x00000000eb380000, 0x00000000f5300000, 0x0000000100000000)
  eden space 138240K, 0% used [0x00000000eb380000,0x00000000eb380000,0x00000000f3a80000)
  from space 10752K, 99% used [0x00000000f3a80000,0x00000000f44fde48,0x00000000f4500000)
  to   space 11264K, 0% used [0x00000000f4500000,0x00000000f4500000,0x00000000f5000000)
 ParOldGen       total 53248K, used 22438K [0x00000000c1a00000, 0x00000000c4e00000, 0x00000000eb380000)
  object space 53248K, 42% used [0x00000000c1a00000,0x00000000c2fe9b10,0x00000000c4e00000)
 Metaspace       used 48886K, capacity 50718K, committed 51112K, reserved 1093632K
  class space    used 6734K, capacity 7072K, committed 7080K, reserved 1048576K
}

