# JRE version: Java(TM) SE Runtime Environment (8.0_251-b08) (build 1.8.0_251-b08)
# Java VM: Java HotSpot(TM) 64-Bit Server VM (25.251-b08 mixed mode windows-amd64 compressed oops)
Heap:
 PSYoungGen      total 159232K, used 84964K [0x00000000eb380000, 0x00000000f6000000, 0x0000000100000000)
  eden space 148480K, 49% used [0x00000000eb380000,0x00000000efbfe360,0x00000000f4480000)
  from space 10752K, 99% used [0x00000000f4480000,0x00000000f4efafa8,0x00000000f4f00000)
  to   space 11264K, 0% used [0x00000000f4f00000,0x00000000f4f00000,0x00000000f5a00000)
 ParOldGen       total 49152K, used 22879K [0x00000000c1a00000, 0x00000000c4a00000, 0x00000000eb380000)
  object space 49152K, 46% used [0x00000000c1a00000,0x00000000c3057e68,0x00000000c4a00000)
 Metaspace       used 55438K, capacity 57918K, committed 58024K, reserved 1099776K
  class space    used 7614K, capacity 8054K, committed 8104K, reserved 1048576K
GC Heap History (10 events):
Event: 18.050 GC heap before
{Heap before GC invocations=9 (full 1):
 PSYoungGen      total 72192K, used 69588K [0x00000000eb380000, 0x00000000f2b80000, 0x0000000100000000)
  eden space 65024K, 100% used [0x00000000eb380000,0x00000000ef300000,0x00000000ef300000)
  from space 7168K, 63% used [0x00000000ef300000,0x00000000ef775188,0x00000000efa00000)
  to   space 6656K, 0% used [0x00000000f2500000,0x00000000f2500000,0x00000000f2b80000)
 ParOldGen       total 32768K, used 6786K [0x00000000c1a00000, 0x00000000c3a00000, 0x00000000eb380000)
  object space 32768K, 20% used [0x00000000c1a00000,0x00000000c20a0820,0x00000000c3a00000)
 Metaspace       used 27658K, capacity 28714K, committed 29056K, reserved 1075200K
  class space    used 3643K, capacity 3896K, committed 3968K, reserved 1048576K
Event: 18.065 GC heap after
Heap after GC invocations=9 (full 1):
 PSYoungGen      total 113152K, used 6632K [0x00000000eb380000, 0x00000000f2c80000, 0x0000000100000000)
  eden space 106496K, 0% used [0x00000000eb380000,0x00000000eb380000,0x00000000f1b80000)
  from space 6656K, 99% used [0x00000000f2500000,0x00000000f2b7a2e0,0x00000000f2b80000)
  to   space 8704K, 0% used [0x00000000f1b80000,0x00000000f1b80000,0x00000000f2400000)
 ParOldGen       total 32768K, used 9190K [0x00000000c1a00000, 0x00000000c3a00000, 0x00000000eb380000)
  object space 32768K, 28% used [0x00000000c1a00000,0x00000000c22f9800,0x00000000c3a00000)
 Metaspace       used 27658K, capacity 28714K, committed 29056K, reserved 1075200K
  class space    used 3643K, capacity 3896K, committed 3968K, reserved 1048576K
}
Event: 23.294 GC heap before
{Heap before GC invocations=10 (full 1):
 PSYoungGen      total 113152K, used 113128K [0x00000000eb380000, 0x00000000f2c80000, 0x0000000100000000)
  eden space 106496K, 100% used [0x00000000eb380000,0x00000000f1b80000,0x00000000f1b80000)
  from space 6656K, 99% used [0x00000000f2500000,0x00000000f2b7a2e0,0x00000000f2b80000)
  to   space 8704K, 0% used [0x00000000f1b80000,0x00000000f1b80000,0x00000000f2400000)
 ParOldGen       total 32768K, used 9190K [0x00000000c1a00000, 0x00000000c3a00000, 0x00000000eb380000)
  object space 32768K, 28% used [0x00000000c1a00000,0x00000000c22f9800,0x00000000c3a00000)
 Metaspace       used 33233K, capacity 34844K, committed 34944K, reserved 1079296K
  class space    used 4343K, capacity 4661K, committed 4736K, reserved 1048576K
Event: 23.361 GC heap after
Heap after GC invocations=10 (full 1):
 PSYoungGen      total 115200K, used 8693K [0x00000000eb380000, 0x00000000f5a00000, 0x0000000100000000)
  eden space 106496K, 0% used [0x00000000eb380000,0x00000000eb380000,0x00000000f1b80000)
  from space 8704K, 99% used [0x00000000f1b80000,0x00000000f23fd5a0,0x00000000f2400000)
  to   space 11264K, 0% used [0x00000000f4f00000,0x00000000f4f00000,0x00000000f5a00000)
 ParOldGen       total 32768K, used 12902K [0x00000000c1a00000, 0x00000000c3a00000, 0x00000000eb380000)
  object space 32768K, 39% used [0x00000000c1a00000,0x00000000c26998f0,0x00000000c3a00000)
 Metaspace       used 33233K, capacity 34844K, committed 34944K, reserved 1079296K
  class space    used 4343K, capacity 4661K, committed 4736K, reserved 1048576K
}
Event: 24.782 GC heap before
{Heap before GC invocations=11 (full 1):
 PSYoungGen      total 115200K, used 33708K [0x00000000eb380000, 0x00000000f5a00000, 0x0000000100000000)
  eden space 106496K, 23% used [0x00000000eb380000,0x00000000ecbedcf8,0x00000000f1b80000)
  from space 8704K, 99% used [0x00000000f1b80000,0x00000000f23fd5a0,0x00000000f2400000)
  to   space 11264K, 0% used [0x00000000f4f00000,0x00000000f4f00000,0x00000000f5a00000)
 ParOldGen       total 32768K, used 12902K [0x00000000c1a00000, 0x00000000c3a00000, 0x00000000eb380000)
  object space 32768K, 39% used [0x00000000c1a00000,0x00000000c26998f0,0x00000000c3a00000)
 Metaspace       used 33836K, capacity 35460K, committed 35496K, reserved 1079296K
  class space    used 4434K, capacity 4751K, committed 4776K, reserved 1048576K
Event: 24.843 GC heap after
Heap after GC invocations=11 (full 1):
 PSYoungGen      total 159744K, used 5094K [0x00000000eb380000, 0x00000000f6000000, 0x0000000100000000)
  eden space 148480K, 0% used [0x00000000eb380000,0x00000000eb380000,0x00000000f4480000)
  from space 11264K, 45% used [0x00000000f4f00000,0x00000000f53f9ab8,0x00000000f5a00000)
  to   space 10752K, 0% used [0x00000000f4480000,0x00000000f4480000,0x00000000f4f00000)
 ParOldGen       total 32768K, used 17899K [0x00000000c1a00000, 0x00000000c3a00000, 0x00000000eb380000)
  object space 32768K, 54% used [0x00000000c1a00000,0x00000000c2b7aec0,0x00000000c3a00000)
 Metaspace       used 33836K, capacity 35460K, committed 35496K, reserved 1079296K
  class space    used 4434K, capacity 4751K, committed 4776K, reserved 1048576K
}
Event: 24.855 GC heap before
{Heap before GC invocations=12 (full 2):
 PSYoungGen      total 159744K, used 5094K [0x00000000eb380000, 0x00000000f6000000, 0x0000000100000000)
  eden space 148480K, 0% used [0x00000000eb380000,0x00000000eb380000,0x00000000f4480000)
  from space 11264K, 45% used [0x00000000f4f00000,0x00000000f53f9ab8,0x00000000f5a00000)
  to   space 10752K, 0% used [0x00000000f4480000,0x00000000f4480000,0x00000000f4f00000)
 ParOldGen       total 32768K, used 17899K [0x00000000c1a00000, 0x00000000c3a00000, 0x00000000eb380000)
  object space 32768K, 54% used [0x00000000c1a00000,0x00000000c2b7aec0,0x00000000c3a00000)
 Metaspace       used 33836K, capacity 35460K, committed 35496K, reserved 1079296K
  class space    used 4434K, capacity 4751K, committed 4776K, reserved 1048576K
Event: 25.008 GC heap after
Heap after GC invocations=12 (full 2):
 PSYoungGen      total 159744K, used 0K [0x00000000eb380000, 0x00000000f6000000, 0x0000000100000000)
  eden space 148480K, 0% used [0x00000000eb380000,0x00000000eb380000,0x00000000f4480000)
  from space 11264K, 0% used [0x00000000f4f00000,0x00000000f4f00000,0x00000000f5a00000)
  to   space 10752K, 0% used [0x00000000f4480000,0x00000000f4480000,0x00000000f4f00000)
 ParOldGen       total 49152K, used 15193K [0x00000000c1a00000, 0x00000000c4a00000, 0x00000000eb380000)
  object space 49152K, 30% used [0x00000000c1a00000,0x00000000c28d6430,0x00000000c4a00000)
 Metaspace       used 33836K, capacity 35460K, committed 35496K, reserved 1079296K
  class space    used 4434K, capacity 4751K, committed 4776K, reserved 1048576K
}
Event: 29.998 GC heap before
{Heap before GC invocations=13 (full 2):
 PSYoungGen      total 159744K, used 148480K [0x00000000eb380000, 0x00000000f6000000, 0x0000000100000000)
  eden space 148480K, 100% used [0x00000000eb380000,0x00000000f4480000,0x00000000f4480000)
  from space 11264K, 0% used [0x00000000f4f00000,0x00000000f4f00000,0x00000000f5a00000)
  to   space 10752K, 0% used [0x00000000f4480000,0x00000000f4480000,0x00000000f4f00000)
 ParOldGen       total 49152K, used 15193K [0x00000000c1a00000, 0x00000000c4a00000, 0x00000000eb380000)
  object space 49152K, 30% used [0x00000000c1a00000,0x00000000c28d6430,0x00000000c4a00000)
 Metaspace       used 49302K, capacity 51220K, committed 51496K, reserved 1093632K
  class space    used 6779K, capacity 7145K, committed 7208K, reserved 1048576K
Event: 30.023 GC heap after
Heap after GC invocations=13 (full 2):
 PSYoungGen      total 159232K, used 10731K [0x00000000eb380000, 0x00000000f6000000, 0x0000000100000000)
  eden space 148480K, 0% used [0x00000000eb380000,0x00000000eb380000,0x00000000f4480000)
  from space 10752K, 99% used [0x00000000f4480000,0x00000000f4efafa8,0x00000000f4f00000)
  to   space 11264K, 0% used [0x00000000f4f00000,0x00000000f4f00000,0x00000000f5a00000)
 ParOldGen       total 49152K, used 22879K [0x00000000c1a00000, 0x00000000c4a00000, 0x00000000eb380000)
  object space 49152K, 46% used [0x00000000c1a00000,0x00000000c3057e68,0x00000000c4a00000)
 Metaspace       used 49302K, capacity 51220K, committed 51496K, reserved 1093632K
  class space    used 6779K, capacity 7145K, committed 7208K, reserved 1048576K
}

